{
  "stats": {
    "suites": 1,
    "tests": 1,
    "passes": 1,
    "pending": 0,
    "failures": 0,
    "start": "2020-12-12T21:16:55.501Z",
    "end": "2020-12-12T21:17:08.726Z",
    "duration": 13225,
    "testsRegistered": 1,
    "passPercent": 100,
    "pendingPercent": 0,
    "other": 0,
    "hasOther": false,
    "skipped": 0,
    "hasSkipped": false
  },
  "results": [
    {
      "uuid": "d91816ca-fc3f-4141-955e-8da372a38a52",
      "title": "",
      "fullFile": "cypress/integration/conta.spec.js",
      "file": "cypress/integration/conta.spec.js",
      "beforeHooks": [],
      "afterHooks": [],
      "tests": [],
      "suites": [
        {
          "uuid": "8f99fe79-f399-48f8-b289-c491628951bd",
          "title": "Compra",
          "fullFile": "",
          "file": "",
          "beforeHooks": [],
          "afterHooks": [],
          "tests": [
            {
              "title": "Efetuar uma compra de produto",
              "fullTitle": "Compra Efetuar uma compra de produto",
              "timedOut": null,
              "duration": 13152,
              "state": "passed",
              "speed": "slow",
              "pass": true,
              "fail": false,
              "pending": false,
              "context": null,
              "code": "var nomeProduto = 'Faded Short Sleeve T-shirts';\ncy.backgroundLogin(); // Realização de login  \ncy.visit('/'); // Visita a página através do baseURL\ncy.contains(nomeProduto).trigger('mouseover'); // Procura pelo elemento e move o mouse até ele\n// Procura pelo botão add to cart\ncy.contains(nomeProduto).parent() // Pai // Irmãos // Filhos // Primeiro\n.siblings('div.button-container').children('a').first().click(); // .eq(0) // Pelo index\n// Valida se adiciona o produto\ncy.get('.icon-ok').parent().should('contain.text', 'Product successfully added to your shopping cart');\ncy.get('span#layer_cart_product_title').should('contain.text', nomeProduto); // Clica em Proceed to checkout\ncy.get(\".button-container a[href$='controller=order']\").click();\ncy.get('.cart_navigation a[href$=\"controller=order&step=1\"]').click(); // Informa e-mail e senha\n//cy.get('#email').type('jonatas-agilizei@hotmail.com')\n//cy.get('#passwd').type('12345')\n//cy.get('#SubmitLogin').click()\n// Valida se endereço de entrega é igual de cobrança // Asserção, atributo, valor\ncy.get('[type=checkbox]#addressesAreEquals').should('have.attr', 'checked', 'checked');\ncy.get('[type=checkbox]#addressesAreEquals').should('have.attr', 'name', 'same'); // Clica para prosseguir e Marca termos do serviço e prosseguir novamente\ncy.get('button[name=processAddress]').click();\ncy.get('[type=checkbox]#cgv').check();\ncy.get('button[name=processCarrier]').click(); // Seleciona forma de pagamento\ncy.get('.bankwire').click();\ncy.get('.cart_navigation button[type=submit]').find('span').contains('I confirm my order').click(); // Valida se gravou // should -> Implicita | expect -> Explicita\ncy.get('.cheque-indent strong').should('contain.text', 'Your order on My Store is complete.'); // Capturar o texto através do invoke e joga para variavel text\ncy.get('div.box').invoke('text').then(function (text) {\n  console.log(text); // Filta o texto para extrair somente o ID do pedido através de expressão regular\n  console.log(text.match(/[A-Z][A-Z]+/g)[1]); // Armazena ID do pedido em arquivo json\n  cy.writeFile('cypress/fixtures/pedido.json', {\n    id: \"\".concat(text.match(/[A-Z][A-Z]+/g)[1])\n  }); // Volta para os pedidos\n  cy.get(\".cart_navigation a[href$='history']\").click(); // Realiza leitura do arquivo e armazena o ID do pedido\n  cy.readFile('cypress/fixtures/pedido.json').then(function (pedido) {\n    cy.get('tr.first_item td.history_link a').should('contain.text', pedido.id);\n  });\n});",
              "err": {},
              "uuid": "655f3d7c-424a-41a3-82c2-1c3e6f97b51b",
              "parentUUID": "8f99fe79-f399-48f8-b289-c491628951bd",
              "isHook": false,
              "skipped": false
            }
          ],
          "suites": [],
          "passes": [
            "655f3d7c-424a-41a3-82c2-1c3e6f97b51b"
          ],
          "failures": [],
          "pending": [],
          "skipped": [],
          "duration": 13152,
          "root": false,
          "rootEmpty": false,
          "_timeout": 2000
        }
      ],
      "passes": [],
      "failures": [],
      "pending": [],
      "skipped": [],
      "duration": 0,
      "root": true,
      "rootEmpty": true,
      "_timeout": 2000
    }
  ],
  "meta": {
    "mocha": {
      "version": "7.0.1"
    },
    "mochawesome": {
      "options": {
        "quiet": true,
        "reportFilename": "mochawesome",
        "saveHtml": false,
        "saveJson": true,
        "consoleReporter": "spec",
        "useInlineDiffs": false,
        "code": true
      },
      "version": "6.2.1"
    },
    "marge": {
      "options": {
        "id": "default",
        "reportDir": "mochawesome-report",
        "quiet": true,
        "overwrite": false,
        "html": false,
        "json": true
      },
      "version": "5.1.0"
    }
  }
}